Using pre-set license
Built from '2021.1/release' branch; Version is '2021.1.16f1 (5fa502fca597) revision 6268162'; Using compiler version '192528614'; Build Type 'Release'
OS: 'Windows 10 Pro; OS build 19043.1165; Version 2009; 64bit' Language: 'en' Physical Memory: 16326 MB
BatchMode: 1, IsHumanControllingUs: 0, StartBugReporterOnCrash: 0, Is64bit: 1, IsPro: 0

 COMMAND LINE ARGUMENTS:
D:\2021.1.16f1\Editor\Unity.exe
-adb2
-batchMode
-noUpm
-name
AssetImportWorker124
-projectPath
C:/Users/Sammy/Documents/GitHub/final-game/Final Game
-logFile
Logs/AssetImportWorker124.log
-srvPort
61154
Successfully changed project path to: C:/Users/Sammy/Documents/GitHub/final-game/Final Game
C:/Users/Sammy/Documents/GitHub/final-game/Final Game
Using Asset Import Pipeline V2.
Assertion failed on expression: 'm_ErrorCode == MDB_MAP_RESIZED || !HasAbortingErrors()'

received signal from system: SIGSEGV
Stack trace:
0x00007ff6f23eed7c (Unity) StackWalker::GetCurrentCallstack
0x00007ff6f23f4f29 (Unity) StackWalker::ShowCallstack
0x00007ff6f2bea823 (Unity) GetStacktrace
0x00007ff6f23ee460 (Unity) winutils::CrashHandler::DefaultSignalHandler
0x00007ff6f47a9f5e (Unity) seh_filter_exe
0x00007ff6f487294d (Unity) `__scrt_common_main_seh'::`1'::filt$0
0x00007ff6f4776e38 (Unity) _C_specific_handler
0x00007ffd6f01217f (ntdll) _chkstk
0x00007ffd6efc1454 (ntdll) RtlRaiseException
0x00007ffd6f010cae (ntdll) KiUserExceptionDispatcher
0x00007ff6f2d14f3b (Unity) SourceAssetDBReadTxn::SourceAssetDBReadTxn
0x00007ff6f2ce31d6 (Unity) SyncAssetFoldersWithDB
0x00007ff6f2cd23dd (Unity) InitializeAssetDatabaseV2
0x00007ff6f2c70375 (Unity) AssetDatabase::InitializeAssetDatabase
0x00007ff6f27e35d0 (Unity) Application::InitializeProject
0x00007ff6f2bf3ec7 (Unity) WinMain
0x00007ff6f4754672 (Unity) __scrt_common_main_seh
0x00007ffd6e0f7034 (KERNEL32) BaseThreadInitThunk
0x00007ffd6efc2651 (ntdll) RtlUserThreadStart

